execve("./mpl3", ["./mpl3", "ttyS0", "--get"], [/* 44 vars */]) = 0
uname({sys="Linux", node="elxsi", ...}) = 0
brk(0)                                  = 0x8056424
open("/etc/ld.so.preload", O_RDONLY)    = 5
fstat64(5, 0xbffff1e4)                  = -1 ENOSYS (Function not implemented)
fstat(5, {st_mode=S_IFREG|0644, st_size=0, ...}) = 0
close(5)                                = 0
open("/lib/libNoVersion.so.1", O_RDONLY) = 5
fstat(5, {st_mode=S_IFREG|0755, st_size=6774, ...}) = 0
close(5)                                = 0
open("/lib/libNoVersion.so.1", O_RDONLY) = 5
read(5, "\177ELF\1\1\1\0\0\0\0\0\0\0\0\0\3\0\3\0\1\0\0\0\0\10\0\0004\0\0\0H\16\0\0\0\0\0\0004\0 \0\5\0(\0\33\0\30\0\6\0\0\0004\0\0\0004\0\0\0004\0\0\0\240\0\0\0\240\0\0\0\5\0\0\0\4\0\0\0\3\0\0\0\234\n\0\0\234\n\0\0\234\n\0\0\23\0\0\0\23\0\0\0\4\0\0\0\1\0\0\0\1\0\0\0\0\0\0\0\0\0\0\0\0\0\0\0\257\n\0\0\257\n\0\0\5\0\0\0\0\20\0\0\1\0\0\0\260\n\0\0\260\32\0\0\260\32\0\0\370\0\0\0\20\1\0\0\6\0\0\0\0\20\0\0\2\0\0\0\10\v\0\0\10\33\0\0\10\33\0\0\240\0\0\0\240\0\0\0\6\0\0\0\4\0\0\0&\0\0\0000\0\0\0\0\0\0\0\32\0\0\0\0\0\0\0\0\0\0\0!\0\0\0 \0\0\0\33\0\0\0(\0\0\0$\0\0\0/\0\0\0\0\0\0\0\0\0\0\0\0\0\0\0\0\0\0\0,\0\0\0\0\0\0\0\37\0\0\0\0\0\0\0\0\0\0\0\0\0\0\0-\0\0\0\0\0\0\0%\0\0\0*\0\0\0\0\0\0\0)\0\0\0\0\0\0\0+\0\0\0\0\0\0\0\31\0\0\0\"\0\0\0.\0\0\0\0\0\0\0\0\0\0\0\35\0\0\0\0\0\0\0\34\0\0\0\'\0\0\0\0\0\0\0\0\0\0\0\0\0\0\0\0\0\0\0\0\0\0\0\0\0\0\0\0\0\0\0\0\0\0\0\0\0\0\0\0\0\0\0\0\0\0\0\0\0\0\0\0\0\0\0\0\0\0\0\0\0\0\0\0\0\0\0\0\0\0\0\0\0\0\0\0\0\0\0\0\0\0\0\0\0\0\0\0\0\0\0\0\0\0\0\0\0\0\0\0\0\0\0\0\0\0\0\0\0\0\0\0\0\0\0\0\0\0\0\30\0\0\0\0\0\0\0\0\0\0\0\0\0\0\0\0\0\0\0\0\0\0\0\0\0\0\0\36\0\0\0#\0\0\0\0\0\0\0\0\0\0\0\0\0\0\0\0\0\0\0\0\0\0\0\0\0\0\0&\0\0\0\0\0\0\0\0\0\0\0\0\0\0\0\0\0\0\0\0\0\0\0\0\0\0\0\0\0\0\0\0\0\0\0\324\0\0\0\0\0\0\0\3\0\1\0\0\0\0\0004\2\0\0\0\0\0\0\3\0\2\0\0\0\0\0004\5\0\0\0\0\0\0\3\0\3\0\0\0\0\0l\6\0\0\0\0\0\0\3\0\4\0\0\0\0\0\314\6\0\0\0\0\0\0\3\0\5\0\0\0\0\0\354\6\0\0\0\0\0\0\3\0\6\0\0\0\0\0\364\6\0\0\0\0\0\0\3\0\7\0\0\0\0\0\34\7\0\0\0\0\0\0\3\0\10\0\0\0\0\0T\7\0\0\0\0\0\0\3\0\t\0\0\0\0\0|\7\0\0\0\0\0\0\3\0\n\0\0\0\0\0\0\10\0\0\0\0\0\0\3\0\v\0\0\0\0\0\200\n\0\0\0\0\0\0\3\0\f\0\0\0\0\0\260\32\0\0\0\0\0\0\3\0\r\0\0\0\0\0\270\32\0\0\0\0\0\0\3\0\16\0\0\0\0\0\274\32\0\0\0\0\0\0\3\0\17\0\0\0\0\0\304\32\0\0\0\0\0\0\3\0\20\0\0\0\0\0\314\32\0\0\0\0\0\0\3\0\21\0\0\0\0\0\10\33\0\0\0\0\0\0\3\0\22\0\0\0\0\0\250\33\0\0\0\0\0\0\3\0\23\0\0\0\0\0\250\33\0\0\0\0\0\0\3\0\24\0\0\0\0\0\0\0\0\0\0\0\0\0\3\0\25\0\0\0\0\0\0\0\0\0\0\0\0\0\3\0\26\0\0\0\0\0\234\n\0\0\0\0\0\0\3\0\27\0\375\0\0\0\0\0\0\0:\0\0\0\22\0\0\0\1\0\0\0\10\33\0\0\0\0\0\0\21\0\361\377S\0\0\0\0\0\0\0\177\0\0\0\"\0\0\0\211\0\0\0\200\t\0\0.\0\0\0\22\0\v\0i\0\0\0 \t\0\0.\0\0\0", 1024) = 1024
fstat(5, {st_mode=S_IFREG|0755, st_size=6774, ...}) = 0
old_mmap(NULL, 4096, PROT_READ|PROT_WRITE, MAP_PRIVATE|MAP_ANONYMOUS, -1, 0) = 0x40017000
old_mmap(NULL, 7104, PROT_READ|PROT_EXEC, MAP_PRIVATE, 5, 0) = 0x40018000
mprotect(0x40019000, 3008, PROT_NONE)   = 0
old_mmap(0x40019000, 4096, PROT_READ|PROT_WRITE, MAP_PRIVATE|MAP_FIXED, 5, 0) = 0x40019000
close(5)                                = 0
open("/etc/ld.so.cache", O_RDONLY)      = 5
fstat(5, {st_mode=S_IFREG|0644, st_size=24469, ...}) = 0
old_mmap(NULL, 24469, PROT_READ, MAP_PRIVATE, 5, 0) = 0x4001a000
close(5)                                = 0
open("/lib/libc.so.6", O_RDONLY)        = 5
read(5, "\177ELF\1\1\1\0\0\0\0\0\0\0\0\0\3\0\3\0\1\0\0\0\200\314\1\0004\0\0\0\264\177\22\0\0\0\0\0004\0 \0\5\0(\0A\0>\0\6\0\0\0004\0\0\0004\0\0\0004\0\0\0\240\0\0\0\240\0\0\0\5\0\0\0\4\0\0\0\3\0\0\0\222\206\20\0\222\206\20\0\222\206\20\0\23\0\0\0\23\0\0\0\4\0\0\0\1\0\0\0\1\0\0\0\0\0\0\0\0\0\0\0\0\0\0\0\245\206\20\0\245\206\20\0\5\0\0\0\0\20\0\0\1\0\0\0\300\206\20\0\300\226\20\0\300\226\20\0lP\0\0d\217\0\0\6\0\0\0\0\20\0\0\2\0\0\0|\326\20\0|\346\20\0|\346\20\0\260\0\0\0\260\0\0\0\6\0\0\0\4\0\0\0\377\3\0\0\t\10\0\0)\1\0\0T\6\0\0b\2\0\0\364\0\0\0\264\6\0\0\0\0\0\0\0\0\0\0\0\0\0\0\0\0\0\0D\6\0\0s\5\0\0\0\0\0\0\310\7\0\0M\6\0\0+\2\0\0\266\2\0\0\332\7\0\0\365\3\0\0\321\7\0\0g\5\0\0~\6\0\0\212\2\0\0\242\7\0\0\370\5\0\0\266\4\0\0z\7\0\0E\7\0\0\0\0\0\0\227\4\0\0\0\0\0\0\317\1\0\0\367\6\0\0\0\0\0\0\0\0\0\0C\5\0\0)\4\0\0\247\3\0\0\352\4\0\0\331\7\0\0A\1\0\0\243\7\0\0\3\7\0\0007\7\0\0%\7\0\0\0\0\0\0J\2\0\0\30\5\0\0\4\10\0\0\362\6\0\0m\5\0\0\250\6\0\0005\6\0\0\0\0\0\0\3\5\0\0\0\0\0\0\340\2\0\0\0\0\0\0\271\6\0\0~\2\0\0\353\3\0\0\37\6\0\0\32\5\0\0\306\0\0\0\0\0\0\0\263\4\0\0\254\5\0\0\245\4\0\0\377\4\0\0}\5\0\0\0\0\0\0h\4\0\0c\4\0\0\220\7\0\0\36\3\0\0\0\0\0\0\375\1\0\0\214\7\0\0\0\0\0\0\264\1\0\0;\2\0\0\0\0\0\0v\3\0\0\37\5\0\0\\\2\0\0\6\3\0\0c\2\0\0\247\4\0\0\303\6\0\0004\6\0\0\334\5\0\0\326\7\0\0\322\6\0\0\314\6\0\0d\6\0\0\0\0\0\0\3\10\0\0[\7\0\0=\5\0\0\370\6\0\0\255\2\0\0\361\6\0\0\360\5\0\0m\7\0\0Q\6\0\0\0\0\0\0\27\5\0\0\203\6\0\0\311\7\0\0\300\3\0\0\0\0\0\0\362\3\0\0\0\0\0\0\0\0\0\0w\6\0\0\312\6\0\0007\6\0\0\205\3\0\0f\3\0\0\365\6\0\0\0\0\0\0009\4\0\0o\6\0\0-\3\0\0\6\10\0\0\210\5\0\0v\7\0\0001\7\0\0C\4\0\0N\5\0\0\335\4\0\0\310\5\0\0\355\6\0\0I\5\0\0\0\0\0\0\231\7\0\0\223\6\0\0\360\4\0\0\216\0\0\0\226\6\0\0\22\7\0\0\257\5\0\0\0\0\0\0\267\4\0\0\17\6\0\0_\4\0\0-\1\0\0\232\7\0\0\213\2\0\0(\3\0\0\0\0\0\0\10\3\0\0\210\7\0\0K\7\0\0\331\2\0\0\16\5\0\0\300\6\0\0\351\2\0\0_\5\0\0\376\0\0\0V\4\0\0\311\6\0\0U\6\0\0x\7\0\0k\1\0\0\315\6\0\0\0\0\0\0v\5\0\0\177\7\0\0003\7\0\0\257\4\0\0\0\0\0\0\247\6\0\0\217\5\0\0001\5\0\0\274\6\0\0\365\5\0\0\320\7\0\0\375\4\0\0!\5\0\0\256\1\0\0\377\3\0\0\222\6\0\0*\7\0\0\227\6\0\0\350\6\0\0p\6\0\0\5\4\0\0[\5\0\0\253\2\0\0\r\2\0\0\306\4\0\0Z\6\0\0q\6\0\0\325\7\0\0\306\7\0\0g\7\0\0=\4\0\0\210\1\0\0P\6\0\0j\7\0\0\1\6\0\0", 1024) = 1024
fstat(5, {st_mode=S_IFREG|0755, st_size=1382179, ...}) = 0
old_mmap(NULL, 1123876, PROT_READ|PROT_EXEC, MAP_PRIVATE, 5, 0) = 0x40020000
mprotect(0x40129000, 38436, PROT_NONE)  = 0
old_mmap(0x40129000, 24576, PROT_READ|PROT_WRITE, MAP_PRIVATE|MAP_FIXED, 5, 0x108000) = 0x40129000
old_mmap(0x4012f000, 13860, PROT_READ|PROT_WRITE, MAP_PRIVATE|MAP_FIXED|MAP_ANONYMOUS, -1, 0) = 0x4012f000
close(5)                                = 0
open("/lib/libc.so.6", O_RDONLY)        = 5
read(5, "\177ELF\1\1\1\0\0\0\0\0\0\0\0\0\3\0\3\0\1\0\0\0\200\314\1\0004\0\0\0\264\177\22\0\0\0\0\0004\0 \0\5\0(\0A\0>\0\6\0\0\0004\0\0\0004\0\0\0004\0\0\0\240\0\0\0\240\0\0\0\5\0\0\0\4\0\0\0\3\0\0\0\222\206\20\0\222\206\20\0\222\206\20\0\23\0\0\0\23\0\0\0\4\0\0\0\1\0\0\0\1\0\0\0\0\0\0\0\0\0\0\0\0\0\0\0\245\206\20\0\245\206\20\0\5\0\0\0\0\20\0\0\1\0\0\0\300\206\20\0\300\226\20\0\300\226\20\0lP\0\0d\217\0\0\6\0\0\0\0\20\0\0\2\0\0\0|\326\20\0|\346\20\0|\346\20\0\260\0\0\0\260\0\0\0\6\0\0\0\4\0\0\0\377\3\0\0\t\10\0\0)\1\0\0T\6\0\0b\2\0\0\364\0\0\0\264\6\0\0\0\0\0\0\0\0\0\0\0\0\0\0\0\0\0\0D\6\0\0s\5\0\0\0\0\0\0\310\7\0\0M\6\0\0+\2\0\0\266\2\0\0\332\7\0\0\365\3\0\0\321\7\0\0g\5\0\0~\6\0\0\212\2\0\0\242\7\0\0\370\5\0\0\266\4\0\0z\7\0\0E\7\0\0\0\0\0\0\227\4\0\0\0\0\0\0\317\1\0\0\367\6\0\0\0\0\0\0\0\0\0\0C\5\0\0)\4\0\0\247\3\0\0\352\4\0\0\331\7\0\0A\1\0\0\243\7\0\0\3\7\0\0007\7\0\0%\7\0\0\0\0\0\0J\2\0\0\30\5\0\0\4\10\0\0\362\6\0\0m\5\0\0\250\6\0\0005\6\0\0\0\0\0\0\3\5\0\0\0\0\0\0\340\2\0\0\0\0\0\0\271\6\0\0~\2\0\0\353\3\0\0\37\6\0\0\32\5\0\0\306\0\0\0\0\0\0\0\263\4\0\0\254\5\0\0\245\4\0\0\377\4\0\0}\5\0\0\0\0\0\0h\4\0\0c\4\0\0\220\7\0\0\36\3\0\0\0\0\0\0\375\1\0\0\214\7\0\0\0\0\0\0\264\1\0\0;\2\0\0\0\0\0\0v\3\0\0\37\5\0\0\\\2\0\0\6\3\0\0c\2\0\0\247\4\0\0\303\6\0\0004\6\0\0\334\5\0\0\326\7\0\0\322\6\0\0\314\6\0\0d\6\0\0\0\0\0\0\3\10\0\0[\7\0\0=\5\0\0\370\6\0\0\255\2\0\0\361\6\0\0\360\5\0\0m\7\0\0Q\6\0\0\0\0\0\0\27\5\0\0\203\6\0\0\311\7\0\0\300\3\0\0\0\0\0\0\362\3\0\0\0\0\0\0\0\0\0\0w\6\0\0\312\6\0\0007\6\0\0\205\3\0\0f\3\0\0\365\6\0\0\0\0\0\0009\4\0\0o\6\0\0-\3\0\0\6\10\0\0\210\5\0\0v\7\0\0001\7\0\0C\4\0\0N\5\0\0\335\4\0\0\310\5\0\0\355\6\0\0I\5\0\0\0\0\0\0\231\7\0\0\223\6\0\0\360\4\0\0\216\0\0\0\226\6\0\0\22\7\0\0\257\5\0\0\0\0\0\0\267\4\0\0\17\6\0\0_\4\0\0-\1\0\0\232\7\0\0\213\2\0\0(\3\0\0\0\0\0\0\10\3\0\0\210\7\0\0K\7\0\0\331\2\0\0\16\5\0\0\300\6\0\0\351\2\0\0_\5\0\0\376\0\0\0V\4\0\0\311\6\0\0U\6\0\0x\7\0\0k\1\0\0\315\6\0\0\0\0\0\0v\5\0\0\177\7\0\0003\7\0\0\257\4\0\0\0\0\0\0\247\6\0\0\217\5\0\0001\5\0\0\274\6\0\0\365\5\0\0\320\7\0\0\375\4\0\0!\5\0\0\256\1\0\0\377\3\0\0\222\6\0\0*\7\0\0\227\6\0\0\350\6\0\0p\6\0\0\5\4\0\0[\5\0\0\253\2\0\0\r\2\0\0\306\4\0\0Z\6\0\0q\6\0\0\325\7\0\0\306\7\0\0g\7\0\0=\4\0\0\210\1\0\0P\6\0\0j\7\0\0\1\6\0\0", 1024) = 1024
fstat(5, {st_mode=S_IFREG|0755, st_size=1382179, ...}) = 0
close(5)                                = 0
munmap(0x4001a000, 24469)               = 0
getpid()                                = 2502
open("/dev/ttyS0", O_RDWR|O_NONBLOCK|O_NOCTTY) = 5
ioctl(5, TCGETS, {0x1002 /* B??? */ -opost -isig -icanon -echo ...}) = 0
ioctl(5, TCGETS, {0x1002 /* B??? */ -opost -isig -icanon -echo ...}) = 0
ioctl(5, TCFLSH, TCIOFLUSH)             = 0
ioctl(5, TCSETS, {0x1002 /* B??? */ -opost -isig -icanon -echo ...}) = 0
ioctl(5, TCGETS, {0x1002 /* B??? */ -opost -isig -icanon -echo ...}) = 0
ioctl(5, TCFLSH, TCIFLUSH)              = 0
nanosleep({0, 10000000}, NULL)          = 0
write(5, "2", 1)                        = 1
shmat(5, 0, 0x4)                        = -1 ENOSYS (Function not implemented)
fcntl(5, F_SETFL, O_RDONLY|O_NONBLOCK)  = 0
read(5, "", 5)                          = 0
nanosleep({0, 5000000}, NULL)           = 0
read(5, "", 5)                          = 0
nanosleep({0, 5000000}, NULL)           = 0
read(5, "", 5)                          = 0
nanosleep({0, 5000000}, NULL)           = 0
read(5, "", 5)                          = 0
nanosleep({0, 5000000}, NULL)           = 0
read(5, "", 5)                          = 0
nanosleep({0, 5000000}, NULL)           = 0
read(5, "", 5)                          = 0
nanosleep({0, 5000000}, NULL)           = 0
read(5, "", 5)                          = 0
nanosleep({0, 5000000}, NULL)           = 0
read(5, "", 5)                          = 0
nanosleep({0, 5000000}, NULL)           = 0
read(5, "", 5)                          = 0
nanosleep({0, 5000000}, NULL)           = 0
read(5, "", 5)                          = 0
nanosleep({0, 5000000}, NULL)           = 0
read(5, "", 5)                          = 0
nanosleep({0, 5000000}, NULL)           = 0
nanosleep({0, 50000000}, NULL)          = 0
ioctl(5, TCFLSH, TCIFLUSH)              = 0
nanosleep({0, 10000000}, NULL)          = 0
write(5, "2", 1)                        = 1
fcntl(5, F_SETFL, O_RDONLY|O_NONBLOCK)  = 0
read(5, "", 5)                          = 0
nanosleep({0, 5000000}, NULL)           = 0
read(5, "", 5)                          = 0
nanosleep({0, 5000000}, NULL)           = 0
read(5, "", 5)                          = 0
nanosleep({0, 5000000}, NULL)           = 0
read(5, "H\0\360\364\0", 5)             = 5
ioctl(5, TCFLSH, TCIFLUSH)              = 0
ioctl(5, TCFLSH, TCIFLUSH)              = 0
nanosleep({0, 10000000}, NULL)          = 0
write(5, "1", 1)                        = 1
fcntl(5, F_SETFL, O_RDONLY|O_NONBLOCK)  = 0
read(5, "", 5)                          = 0
nanosleep({0, 5000000}, NULL)           = 0
read(5, "", 5)                          = 0
nanosleep({0, 5000000}, NULL)           = 0
read(5, "", 5)                          = 0
nanosleep({0, 5000000}, NULL)           = 0
read(5, "H\0\360\364\0", 5)             = 5
ioctl(5, TCFLSH, TCIFLUSH)              = 0
write(5, "o", 1)                        = 1
nanosleep({0, 300000000}, NULL)         = 0
read(5, "q", 1)                         = 1
write(5, "r", 1)                        = 1
nanosleep({0, 200000000}, NULL)         = 0
write(5, "\0", 1)                       = 1
write(5, "\0", 1)                       = 1
write(5, "\0", 1)                       = 1
write(5, "\0", 1)                       = 1
write(5, "m", 1)                        = 1
write(5, "m", 1)                        = 1
nanosleep({0, 100000000}, NULL)         = 0
fcntl(5, F_SETFL, O_RDONLY|O_NONBLOCK)  = 0
read(5, "", 1)                          = 0
nanosleep({0, 5000000}, NULL)           = 0
read(5, "", 1)                          = 0
nanosleep({0, 5000000}, NULL)           = 0
fcntl(5, F_SETFL, O_RDONLY|O_NONBLOCK)  = 0
read(5, "", 513)                        = 0
nanosleep({0, 5000000}, NULL)           = 0
read(5, "", 513)                        = 0
nanosleep({0, 5000000}, NULL)           = 0
read(5, "", 513)                        = 0
nanosleep({0, 5000000}, NULL)           = 0
read(5, "", 513)                        = 0
nanosleep({0, 5000000}, NULL)           = 0
read(5, "", 513)                        = 0
nanosleep({0, 5000000}, NULL)           = 0
read(5, "", 513)                        = 0
nanosleep({0, 5000000}, NULL)           = 0
read(5, "", 513)                        = 0
nanosleep({0, 5000000}, NULL)           = 0
read(5, "", 513)                        = 0
nanosleep({0, 5000000}, NULL)           = 0
read(5, "", 513)                        = 0
nanosleep({0, 5000000}, NULL)           = 0
read(5, "", 513)                        = 0
nanosleep({0, 5000000}, NULL)           = 0
read(5, "", 513)                        = 0
nanosleep({0, 5000000}, NULL)           = 0
read(5, "", 513)                        = 0
nanosleep({0, 5000000}, NULL)           = 0
read(5, "", 513)                        = 0
nanosleep({0, 5000000}, NULL)           = 0
read(5, "", 513)                        = 0
nanosleep({0, 5000000}, NULL)           = 0
read(5, "", 513)                        = 0
nanosleep({0, 5000000}, NULL)           = 0
read(5, "", 513)                        = 0
nanosleep({0, 5000000}, NULL)           = 0
read(5, "", 513)                        = 0
nanosleep({0, 5000000}, NULL)           = 0
read(5, "", 513)                        = 0
nanosleep({0, 5000000}, NULL)           = 0
read(5, "", 513)                        = 0
nanosleep({0, 5000000}, NULL)           = 0
read(5, "", 513)                        = 0
nanosleep({0, 5000000}, NULL)           = 0
read(5, "", 513)                        = 0
nanosleep({0, 5000000}, NULL)           = 0
read(5, "\1\0\1\1\1\0\0\2\0\0 \2\0\0\0o cardname\0\0\0\0\0\0\0\0\0\0\0\0\0\0\0\0\0\0\0\0\0\0\0\0\0\0 \0\0\0\0\0\0\0\0\0\0\0\0", 513) = 64
read(5, "", 449)                        = 0
nanosleep({0, 5000000}, NULL)           = 0
read(5, "\0\0\0\0\0\0\0\0\0\0\0\0\0\0\0\0\0\0\0\0\0\0\0\0\0\0\0\0\0\0\0\0\0\0\0\0\0\0\0\0\0\0\0\0\0\0\0\0\0\0\0\0\0\0\0\0\0\0\0\0\0\0\0\0\0\0\0\0\0\0\0\0\0\0\0\0\0\0\0\0\0\0\0\0\0\0\0\0\0\0\0\0\0\0\0\0\0\0\0\0\0\0\0\0\0\0\0\0\0\0\0\0\0\0\0\0\0\0\0\0\0\0\0\0\0\0\0\0\0\0\0\0\0\0\0\0\0\0\0\0\0\0\0\0\0\0\0\0\0\0\0\0", 449) = 152
read(5, "", 297)                        = 0
nanosleep({0, 5000000}, NULL)           = 0
read(5, "\0\0\0\0\0\0\0\0\0\0\0\0\0\0\0\0\0\0\0\0\0\0\0\0\0\0\0\0\0\0\0\0\0\0\0\0\0\0\0\0\0\0\0\0\0\0\0\0\0\0\0\0\0\0\0\0\0\0\0\0\0\0\0\0\0\0\0\0\0\0\0\0\0\0\0\0\0\0\0\0\0\0\0\0\0\0\0\0\0\0\0\0\0\0\0\0\0\0\0\0\0\0\0\0\0\0\0\0\0\0\0\0\0\0\0\0\0\0\0\0\0\0\0\0\0\0\0\0\0\0\0\0\0\0\0\0\0\0\0\0\0\0\0\0\0\0\0\0\0\0\0\0\0\0\0\0\0\0\0\0", 297) = 160
read(5, "", 137)                        = 0
nanosleep({0, 5000000}, NULL)           = 0
read(5, "\0\0\0\0\0\0\0\0\0\0\0\0\0\0\0\0\0\0\0\0\0\0\0\0\0\0\0\0\0\0\0\0\0\0\0\0\0\0\0\0\0\0\0\0\0\0\0\0\0\0\0\0\0\0\0\0\0\0\0\0\0\0\0\0\0\0\0\0\0\0\0\0\0\0\0\0\0\0\0\0\0\0\0\0\0\0\0\0\0\0\0\0\0\0\0\0\0\0\0\0\0\0\0\0\0\0\0\0\0\0\0\0\0\0\0\0\0\0\0\0\0\0\0\0\0\0\0\0\0\0\0\0\0\0\0\0\\", 137) = 137
write(5, "n", 1)                        = 1
fcntl(5, F_SETFL, O_RDONLY|O_NONBLOCK)  = 0
read(5, "", 513)                        = 0
nanosleep({0, 5000000}, NULL)           = 0
read(5, "\0\0\1\0\353\303(\0Gerechtigkeit\0\0\0\0\0\0\0\0\0\0\1\0\0\0\0\0\0\0\0\0\0\0\0\0\0\0\0\0\0\0\0\0\0\0\0\0\0\0\0\0\0\0\0\0\0\0\0\0\0\0\0\0\0\0\0\0\0\0\0\0\0\0\0\0\0\0\0\0\0\0\0\0\0\0\0\0\0\0\0\0\0\0\0\0\0\0\0\0\0\0\0\0\0\0\0\0\0\0\0\0\0\0\0\0\0\0\0\0\0\0\0\0\0\0\0\0\0\0\0\0\0\0\0", 513) = 144
read(5, "", 369)                        = 0
nanosleep({0, 5000000}, NULL)           = 0
read(5, "\0\0\0\0\0\0\0\0\0\0\0\0\0\0\0\0\0\0\0\0\0\0\0\0\0\0\0\0\0\0\0\0\0\0\0\0\0\0\0\0\0\0\0\0\0\0\0\0\0\0\0\0\0\0\0\0\0\0\0\0\0\0\0\0\0\0\0\0\0\0\0\0\0\0\0\0\0\0\0\0\0\0\0\0\0\0\0\0\0\0\0\0\0\0\0\0\0\0\0\0\0\0\0\0\0\0\0\0\0\0\0\0\0\0\0\0\0\0\0\0\0\0\0\0\0\0\0\0\0\0\0\0\0\0\0\0\0\0\0\0\0\0\0\0\0\0\0\0\0\0\0\0", 369) = 152
read(5, "", 217)                        = 0
nanosleep({0, 5000000}, NULL)           = 0
read(5, "\0\0\0\0\0\0\0\0\0\0\0\0\0\0\0\0\0\0\0\0\0\0\0\0\0\0\0\0\0\0\0\0\0\0\0\0\0\0\0\0\0\0\0\0\0\0\0\0\0\0\0\0\0\0\0\0\0\0\0\0\0\0\0\0\0\0\0\0\0\0\0\0\0\0\0\0\0\0\0\0\0\0\0\0\0\0\0\0\0\0\0\0\0\0\0\0\0\0\0\0\0\0\0\0\0\0\0\0\0\0\0\0\0\0\0\0\0\0\0\0\0\0\0\0\0\0\0\0\0\0\0\0\0\0\0\0\0\0\0\0\0\0\0\0\0\0\0\0\0\0\0\0", 217) = 152
read(5, "", 65)                         = 0
nanosleep({0, 5000000}, NULL)           = 0
read(5, "\0\0\0\0\0\0\0\0\0\0\0\0\0\0\0\0\0\0\0\0\0\0\0\0\0\0\0\0\0\0\0\0\0\0\0\0\0\0\0\0\0\0\0\0\0\0\0\0\0\0\0\0\0\0\0\0\0\0\0\0\0\0\0\0W", 65) = 65
write(5, "n", 1)                        = 1
brk(0)                                  = 0x8056424
brk(0x805645c)                          = 0x805645c
brk(0x8057000)                          = 0x8057000
ioctl(5, TCSETS, {0x1002 /* B??? */ -opost -isig -icanon -echo ...}) = 0
ioctl(5, TCGETS, {0x1002 /* B??? */ -opost -isig -icanon -echo ...}) = 0
close(5)                                = 0
nanosleep({0, 10000000}, NULL)          = 0
fstat64(1, 0xbfffedd0)                  = -1 ENOSYS (Function not implemented)
fstat(1, {st_mode=S_IFCHR|0620, st_rdev=makedev(4, 4), ...}) = 0
old_mmap(NULL, 4096, PROT_READ|PROT_WRITE, MAP_PRIVATE|MAP_ANONYMOUS, -1, 0) = 0x4001a000
ioctl(1, TCGETS, {B38400 opost isig icanon echo ...}) = 0
write(1, "\n", 1)                       = 1
write(1, "  Cardsize:    16052224 Byte\n", 29) = 29
write(1, "  Free:        13315093 Byte\n", 29) = 29
write(1, "  Cards:       2 inserted\n", 26) = 26
write(1, "  Version:     1.13\n", 20)   = 20
write(1, "  Cardname:    \n", 16)       = 16
write(1, "  No. Samples: 1\n", 17)      = 17
write(1, "  Titles:\n", 10)             = 10
write(1, "    1.   2671595  Gerechtigkeit\n", 32) = 32
nanosleep({0, 100000000}, NULL)         = 0
nanosleep({1, 500000000}, NULL)         = 0
_exit(1)                                = ?
