atexit(0x4000d6b0)                                = 0
__libc_init_first(3, 0xbffffa0e, 0xbffffa15, 0xbffffa1b, 0) = 0x4000d6b0
atexit(0x08051e00)                                = 0
strncmp("ttyS0", "ttyS", 4)                       = 0
__strtol_internal("0", NULL, 10)                  = 0
sprintf("/dev/ttyS0", "/dev/ttyS%i", 0)           = 10
open("/dev/ttyS0", 2306, 027777772450)            = 4
tcgetattr(4, 0x08055ac0)                          = 0
tcgetattr(4, 0xbffff4cc)                          = 0
cfsetispeed(0xbffff4cc, 4098, 115200, 4, 0xbffff4cc) = 0
cfsetospeed(0xbffff4cc, 4098, 0xbffff4cc, 4098, 115200) = 0
tcflush(4, 2, 0xbffff528, 1, 0x08053339)          = 0
tcsetattr(4, 0, 0xbffff4cc)                       = 0
tcflush(4, 0, 0xbffff258, 0x0804fb61, 0)          = 0
usleep(10000)                                     = <void>
write(4, "2", 1)                                  = 1
fcntl(4, 4, 2048, 2, 4)                           = 0
read(4, "", 5)                                    = 0
usleep(5000)                                      = <void>
read(4, "", 5)                                    = 0
usleep(5000)                                      = <void>
read(4, "", 5)                                    = 0
usleep(5000)                                      = <void>
read(4, "H", 5)                                   = 5
strcmp("hello PC", "H")                           = 32
tcflush(4, 0, 0xbffff258, 0x0804fcd2, 0)          = 0
tcflush(4, 0, 0xbffff254, 0x0804fb61, 0)          = 0
usleep(10000)                                     = <void>
write(4, "1", 1)                                  = 1
fcntl(4, 4, 2048, 1, 4)                           = 0
read(4, "", 5)                                    = 0
usleep(5000)                                      = <void>
read(4, "", 5)                                    = 0
usleep(5000)                                      = <void>
read(4, "", 5)                                    = 0
usleep(5000)                                      = <void>
read(4, "", 5)                                    = 0
usleep(5000)                                      = <void>
read(4, "", 5)                                    = 0
usleep(5000)                                      = <void>
read(4, "", 5)                                    = 0
usleep(5000)                                      = <void>
read(4, "", 5)                                    = 0
usleep(5000)                                      = <void>
read(4, "", 5)                                    = 0
usleep(5000)                                      = <void>
read(4, "", 5)                                    = 0
usleep(5000)                                      = <void>
read(4, "", 5)                                    = 0
usleep(5000)                                      = <void>
read(4, "", 5)                                    = 0
usleep(5000)                                      = <void>
usleep(50000)                                     = <void>
tcflush(4, 0, 0xbffff254, 0x0804fb61, 0)          = 0
usleep(10000)                                     = <void>
write(4, "1", 1)                                  = 1
fcntl(4, 4, 2048, 1, 4)                           = 0
read(4, "", 5)                                    = 0
usleep(5000)                                      = <void>
read(4, "", 5)                                    = 0
usleep(5000)                                      = <void>
read(4, "", 5)                                    = 0
usleep(5000)                                      = <void>
read(4, "H", 5)                                   = 5
strcmp("hello PC", "H")                           = 32
tcflush(4, 0, 0xbffff254, 0x0804fcd2, 0)          = 0
write(4, "o", 1)                                  = 1
usleep(300000)                                    = <void>
read(4, "q", 1)                                   = 1
sprintf("000000", "%06i", 0)                      = 6
strcat("", "m")                                   = "m"
write(4, "r", 1)                                  = 1
usleep(200000)                                    = <void>
write(4, "", 1)                                   = 1
write(4, "", 1)                                   = 1
write(4, "", 1)                                   = 1
write(4, "", 1)                                   = 1
write(4, "m", 1)                                  = 1
write(4, "m", 1)                                  = 1
usleep(100000)                                    = <void>
fcntl(4, 4, 2048, 7, 4)                           = 0
read(4, "", 1)                                    = 0
usleep(5000)                                      = <void>
read(4, "", 1)                                    = 0
usleep(5000)                                      = <void>
fcntl(4, 4, 2048, 7, 4)                           = 0
read(4, "", 513)                                  = 0
usleep(5000)                                      = <void>
read(4, "", 513)                                  = 0
usleep(5000)                                      = <void>
read(4, "", 513)                                  = 0
usleep(5000)                                      = <void>
read(4, "", 513)                                  = 0
usleep(5000)                                      = <void>
read(4, "", 513)                                  = 0
usleep(5000)                                      = <void>
read(4, "", 513)                                  = 0
usleep(5000)                                      = <void>
read(4, "", 513)                                  = 0
usleep(5000)                                      = <void>
read(4, "", 513)                                  = 0
usleep(5000)                                      = <void>
read(4, "", 513)                                  = 0
usleep(5000)                                      = <void>
read(4, "", 513)                                  = 0
usleep(5000)                                      = <void>
read(4, "", 513)                                  = 0
usleep(5000)                                      = <void>
read(4, "", 513)                                  = 0
usleep(5000)                                      = <void>
read(4, "", 513)                                  = 0
usleep(5000)                                      = <void>
read(4, "", 513)                                  = 0
usleep(5000)                                      = <void>
read(4, "", 513)                                  = 0
usleep(5000)                                      = <void>
read(4, "", 513)                                  = 0
usleep(5000)                                      = <void>
read(4, "", 513)                                  = 0
usleep(5000)                                      = <void>
read(4, "", 513)                                  = 0
usleep(5000)                                      = <void>
read(4, "", 513)                                  = 0
usleep(5000)                                      = <void>
read(4, "", 513)                                  = 0
usleep(5000)                                      = <void>
read(4, "", 513)                                  = 0
usleep(5000)                                      = <void>
read(4, "\001", 513)                              = 64
read(4, "", 449)                                  = 0
usleep(5000)                                      = <void>
read(4, "", 449)                                  = 152
read(4, "", 297)                                  = 0
usleep(5000)                                      = <void>
read(4, "", 297)                                  = 152
read(4, "", 145)                                  = 0
usleep(5000)                                      = <void>
read(4, "", 145)                                  = 145
write(4, "n", 1)                                  = 1
fcntl(4, 4, 2048, 1, 4)                           = 0
read(4, "", 513)                                  = 0
usleep(5000)                                      = <void>
read(4, "", 513)                                  = 144
read(4, "", 369)                                  = 0
usleep(5000)                                      = <void>
read(4, "", 369)                                  = 152
read(4, "", 217)                                  = 0
usleep(5000)                                      = <void>
read(4, "", 217)                                  = 152
read(4, "", 65)                                   = 0
usleep(5000)                                      = <void>
read(4, "", 65)                                   = 65
write(4, "n", 1)                                  = 1
calloc(1, 32)                                     = 0x08056430
memcpy(0xbffff2dc, "", 32)                        = 0xbffff2dc
tcsetattr(4, 0, 0x08055ac0)                       = 0
close(4)                                          = 0
usleep(10000)                                     = <void>
sprintf("1.13", "%i.%02i", 1, 13)                 = 4
printf("\n")                                      = 1
printf("%s    %lu Byte\n", "  Cardsize:", 16052224) = 29
printf("%s    %lu Byte\n", "  Free:    ", 13315093) = 29
printf("  Cards:       %u inserted\n", 2)         = 26
printf("  Version:     %s\n", "1.13")             = 20
printf("  Cardname:    %s\n", "")                 = 16
printf("  No. Samples: %u\n", 1)                  = 17
printf("  Titles:\n")                             = 10
printf("  %3i.  %8lu  %s\n", 1, 2671595, "Gerechtigkeit") = 32
free(0x08056430)                                  = <void>
usleep(100000)                                    = <void>
usleep(1500000)                                   = <void>
exit(1)                                           = <void>
+++ exited (status 1) +++
