execve("./mpl3", ["./mpl3", "ttyS0", "--get"], [/* 44 vars */]) = 0
uname({sys="Linux", node="elxsi", ...}) = 0
brk(0)                                  = 0x8056424
open("/etc/ld.so.preload", O_RDONLY)    = 5
fstat64(5, 0xbffff1e4)                  = -1 ENOSYS (Function not implemented)
fstat(5, {st_mode=S_IFREG|0644, st_size=0, ...}) = 0
close(5)                                = 0
open("/lib/libNoVersion.so.1", O_RDONLY) = 5
fstat(5, {st_mode=S_IFREG|0755, st_size=6774, ...}) = 0
close(5)                                = 0
open("/lib/libNoVersion.so.1", O_RDONLY) = 5
read(5, "\177ELF\1\1\1\0\0\0\0\0\0\0\0\0\3\0\3\0\1\0\0\0\0\10\0"..., 1024) = 1024
fstat(5, {st_mode=S_IFREG|0755, st_size=6774, ...}) = 0
old_mmap(NULL, 4096, PROT_READ|PROT_WRITE, MAP_PRIVATE|MAP_ANONYMOUS, -1, 0) = 0x40017000
old_mmap(NULL, 7104, PROT_READ|PROT_EXEC, MAP_PRIVATE, 5, 0) = 0x40018000
mprotect(0x40019000, 3008, PROT_NONE)   = 0
old_mmap(0x40019000, 4096, PROT_READ|PROT_WRITE, MAP_PRIVATE|MAP_FIXED, 5, 0) = 0x40019000
close(5)                                = 0
open("/etc/ld.so.cache", O_RDONLY)      = 5
fstat(5, {st_mode=S_IFREG|0644, st_size=24469, ...}) = 0
old_mmap(NULL, 24469, PROT_READ, MAP_PRIVATE, 5, 0) = 0x4001a000
close(5)                                = 0
open("/lib/libc.so.6", O_RDONLY)        = 5
read(5, "\177ELF\1\1\1\0\0\0\0\0\0\0\0\0\3\0\3\0\1\0\0\0\200\314"..., 1024) = 1024
fstat(5, {st_mode=S_IFREG|0755, st_size=1382179, ...}) = 0
old_mmap(NULL, 1123876, PROT_READ|PROT_EXEC, MAP_PRIVATE, 5, 0) = 0x40020000
mprotect(0x40129000, 38436, PROT_NONE)  = 0
old_mmap(0x40129000, 24576, PROT_READ|PROT_WRITE, MAP_PRIVATE|MAP_FIXED, 5, 0x108000) = 0x40129000
old_mmap(0x4012f000, 13860, PROT_READ|PROT_WRITE, MAP_PRIVATE|MAP_FIXED|MAP_ANONYMOUS, -1, 0) = 0x4012f000
close(5)                                = 0
open("/lib/libc.so.6", O_RDONLY)        = 5
read(5, "\177ELF\1\1\1\0\0\0\0\0\0\0\0\0\3\0\3\0\1\0\0\0\200\314"..., 1024) = 1024
fstat(5, {st_mode=S_IFREG|0755, st_size=1382179, ...}) = 0
close(5)                                = 0
munmap(0x4001a000, 24469)               = 0
getpid()                                = 24182
open("/dev/ttyS0", O_RDWR|O_NONBLOCK|O_NOCTTY) = 5
ioctl(5, TCGETS, {0x1002 /* B??? */ -opost -isig -icanon -echo ...}) = 0
ioctl(5, TCGETS, {0x1002 /* B??? */ -opost -isig -icanon -echo ...}) = 0
ioctl(5, TCFLSH, TCIOFLUSH)             = 0
ioctl(5, TCSETS, {0x1002 /* B??? */ -opost -isig -icanon -echo ...}) = 0
ioctl(5, TCGETS, {0x1002 /* B??? */ -opost -isig -icanon -echo ...}) = 0
ioctl(5, TCFLSH, TCIFLUSH)              = 0
nanosleep({0, 10000000}, NULL)          = 0
write(5, "2", 1)                        = 1
shmat(5, 0, 0x4)                        = -1 ENOSYS (Function not implemented)
fcntl(5, F_SETFL, O_RDONLY|O_NONBLOCK)  = 0
read(5, "", 5)                          = 0
nanosleep({0, 5000000}, NULL)           = 0
read(5, "", 5)                          = 0
nanosleep({0, 5000000}, NULL)           = 0
read(5, "", 5)                          = 0
nanosleep({0, 5000000}, NULL)           = 0
read(5, "H\0\360\364\0", 5)             = 5
ioctl(5, TCFLSH, TCIFLUSH)              = 0
ioctl(5, TCFLSH, TCIFLUSH)              = 0
nanosleep({0, 10000000}, NULL)          = 0
write(5, "1", 1)                        = 1
fcntl(5, F_SETFL, O_RDONLY|O_NONBLOCK)  = 0
read(5, "", 5)                          = 0
nanosleep({0, 5000000}, NULL)           = 0
read(5, "", 5)                          = 0
nanosleep({0, 5000000}, NULL)           = 0
read(5, "", 5)                          = 0
nanosleep({0, 5000000}, NULL)           = 0
read(5, "H\0\360\364\0", 5)             = 5
ioctl(5, TCFLSH, TCIFLUSH)              = 0
write(5, "o", 1)                        = 1
nanosleep({0, 300000000}, NULL)         = 0
read(5, "q", 1)                         = 1
write(5, "r", 1)                        = 1
nanosleep({0, 200000000}, NULL)         = 0
write(5, "\0", 1)                       = 1
write(5, "\0", 1)                       = 1
write(5, "\0", 1)                       = 1
write(5, "\0", 1)                       = 1
write(5, "m", 1)                        = 1
write(5, "m", 1)                        = 1
nanosleep({0, 100000000}, NULL)         = 0
fcntl(5, F_SETFL, O_RDONLY|O_NONBLOCK)  = 0
read(5, "", 1)                          = 0
nanosleep({0, 5000000}, NULL)           = 0
read(5, "", 1)                          = 0
nanosleep({0, 5000000}, NULL)           = 0
fcntl(5, F_SETFL, O_RDONLY|O_NONBLOCK)  = 0
read(5, "", 513)                        = 0
nanosleep({0, 5000000}, NULL)           = 0
read(5, "", 513)                        = 0
nanosleep({0, 5000000}, NULL)           = 0
read(5, "", 513)                        = 0
nanosleep({0, 5000000}, NULL)           = 0
read(5, "", 513)                        = 0
nanosleep({0, 5000000}, NULL)           = 0
read(5, "", 513)                        = 0
nanosleep({0, 5000000}, NULL)           = 0
read(5, "", 513)                        = 0
nanosleep({0, 5000000}, NULL)           = 0
read(5, "", 513)                        = 0
nanosleep({0, 5000000}, NULL)           = 0
read(5, "", 513)                        = 0
nanosleep({0, 5000000}, NULL)           = 0
read(5, "", 513)                        = 0
nanosleep({0, 5000000}, NULL)           = 0
read(5, "", 513)                        = 0
nanosleep({0, 5000000}, NULL)           = 0
read(5, "", 513)                        = 0
nanosleep({0, 5000000}, NULL)           = 0
read(5, "", 513)                        = 0
nanosleep({0, 5000000}, NULL)           = 0
read(5, "", 513)                        = 0
nanosleep({0, 5000000}, NULL)           = 0
read(5, "", 513)                        = 0
nanosleep({0, 5000000}, NULL)           = 0
read(5, "", 513)                        = 0
nanosleep({0, 5000000}, NULL)           = 0
read(5, "", 513)                        = 0
nanosleep({0, 5000000}, NULL)           = 0
read(5, "", 513)                        = 0
nanosleep({0, 5000000}, NULL)           = 0
read(5, "", 513)                        = 0
nanosleep({0, 5000000}, NULL)           = 0
read(5, "", 513)                        = 0
nanosleep({0, 5000000}, NULL)           = 0
read(5, "", 513)                        = 0
nanosleep({0, 5000000}, NULL)           = 0
read(5, "", 513)                        = 0
nanosleep({0, 5000000}, NULL)           = 0
read(5, "\1\0\1\1\1\0\0\2\0\0 \2\0\0\0o cardname\0\0\0\0\0\0\0"..., 513) = 64
read(5, "", 449)                        = 0
nanosleep({0, 5000000}, NULL)           = 0
read(5, "\0\0\0\0\0\0\0\0\0\0\0\0\0\0\0\0\0\0\0\0\0\0\0\0\0\0\0"..., 449) = 152
read(5, "", 297)                        = 0
nanosleep({0, 5000000}, NULL)           = 0
read(5, "\0\0\0\0\0\0\0\0\0\0\0\0\0\0\0\0\0\0\0\0\0\0\0\0\0\0\0"..., 297) = 160
read(5, "", 137)                        = 0
nanosleep({0, 5000000}, NULL)           = 0
read(5, "\0\0\0\0\0\0\0\0\0\0\0\0\0\0\0\0\0\0\0\0\0\0\0\0\0\0\0"..., 137) = 137
write(5, "n", 1)                        = 1
fcntl(5, F_SETFL, O_RDONLY|O_NONBLOCK)  = 0
read(5, "", 513)                        = 0
nanosleep({0, 5000000}, NULL)           = 0
read(5, "\0\0\1\0\353\303(\0Gerechtigkeit\0\0\0\0\0\0\0\0\0\0\1"..., 513) = 144
read(5, "", 369)                        = 0
nanosleep({0, 5000000}, NULL)           = 0
read(5, "\0\0\0\0\0\0\0\0\0\0\0\0\0\0\0\0\0\0\0\0\0\0\0\0\0\0\0"..., 369) = 152
read(5, "", 217)                        = 0
nanosleep({0, 5000000}, NULL)           = 0
read(5, "\0\0\0\0\0\0\0\0\0\0\0\0\0\0\0\0\0\0\0\0\0\0\0\0\0\0\0"..., 217) = 152
read(5, "", 65)                         = 0
nanosleep({0, 5000000}, NULL)           = 0
read(5, "\0\0\0\0\0\0\0\0\0\0\0\0\0\0\0\0\0\0\0\0\0\0\0\0\0\0\0"..., 65) = 65
write(5, "n", 1)                        = 1
brk(0)                                  = 0x8056424
brk(0x805645c)                          = 0x805645c
brk(0x8057000)                          = 0x8057000
ioctl(5, TCSETS, {0x1002 /* B??? */ -opost -isig -icanon -echo ...}) = 0
ioctl(5, TCGETS, {0x1002 /* B??? */ -opost -isig -icanon -echo ...}) = 0
close(5)                                = 0
nanosleep({0, 10000000}, NULL)          = 0
fstat64(1, 0xbfffedd0)                  = -1 ENOSYS (Function not implemented)
fstat(1, {st_mode=S_IFCHR|0620, st_rdev=makedev(4, 1), ...}) = 0
old_mmap(NULL, 4096, PROT_READ|PROT_WRITE, MAP_PRIVATE|MAP_ANONYMOUS, -1, 0) = 0x4001a000
ioctl(1, TCGETS, {B38400 opost isig icanon echo ...}) = 0
write(1, "\n", 1)                       = 1
write(1, "  Cardsize:    16052224 Byte\n", 29) = 29
write(1, "  Free:        13315093 Byte\n", 29) = 29
write(1, "  Cards:       2 inserted\n", 26) = 26
write(1, "  Version:     1.13\n", 20)   = 20
write(1, "  Cardname:    \n", 16)       = 16
write(1, "  No. Samples: 1\n", 17)      = 17
write(1, "  Titles:\n", 10)             = 10
write(1, "    1.   2671595  Gerechtigkeit\n", 32) = 32
nanosleep({0, 100000000}, NULL)         = 0
nanosleep({1, 500000000}, NULL)         = 0
_exit(1)                                = ?
