execve("./mpl3", ["./mpl3", "ttyS0", "--get"], [/* 44 vars */]) = 0
uname({sys="Linux", node="elxsi", ...}) = 0
brk(0)                                  = 0x8056424
open("/etc/ld.so.preload", O_RDONLY)    = 5
fstat64(5, 0xbffff1d4)                  = -1 ENOSYS (Function not implemented)
fstat(5, {st_mode=S_IFREG|0644, st_size=0, ...}) = 0
close(5)                                = 0
open("/lib/libNoVersion.so.1", O_RDONLY) = 5
fstat(5, {st_mode=S_IFREG|0755, st_size=6774, ...}) = 0
close(5)                                = 0
open("/lib/libNoVersion.so.1", O_RDONLY) = 5
read(5, "\x7f\x45\x4c\x46\x01\x01\x01\x00\x00\x00\x00\x00\x00\x00\x00\x00\x03\x00\x03\x00\x01\x00\x00\x00\x00\x08\x00\x00\x34\x00\x00\x00\x48\x0e\x00\x00\x00\x00\x00\x00\x34\x00\x20\x00\x05\x00\x28\x00\x1b\x00\x18\x00\x06\x00\x00\x00\x34\x00\x00\x00\x34\x00\x00\x00\x34\x00\x00\x00\xa0\x00\x00\x00\xa0\x00\x00\x00\x05\x00\x00\x00\x04\x00\x00\x00\x03\x00\x00\x00\x9c\x0a\x00\x00\x9c\x0a\x00\x00\x9c\x0a\x00\x00\x13\x00\x00\x00\x13\x00\x00\x00\x04\x00\x00\x00\x01\x00\x00\x00\x01\x00\x00\x00\x00\x00\x00\x00\x00\x00\x00\x00\x00\x00\x00\x00\xaf\x0a\x00\x00\xaf\x0a\x00\x00\x05\x00\x00\x00\x00\x10\x00\x00\x01\x00\x00\x00\xb0\x0a\x00\x00\xb0\x1a\x00\x00\xb0\x1a\x00\x00\xf8\x00\x00\x00\x10\x01\x00\x00\x06\x00\x00\x00\x00\x10\x00\x00\x02\x00\x00\x00\x08\x0b\x00\x00\x08\x1b\x00\x00\x08\x1b\x00\x00\xa0\x00\x00\x00\xa0\x00\x00\x00\x06\x00\x00\x00\x04\x00\x00\x00\x26\x00\x00\x00\x30\x00\x00\x00\x00\x00\x00\x00\x1a\x00\x00\x00\x00\x00\x00\x00\x00\x00\x00\x00\x21\x00\x00\x00\x20\x00\x00\x00\x1b\x00\x00\x00\x28\x00\x00\x00\x24\x00\x00\x00\x2f\x00\x00\x00\x00\x00\x00\x00\x00\x00\x00\x00\x00\x00\x00\x00\x00\x00\x00\x00\x2c\x00\x00\x00\x00\x00\x00\x00\x1f\x00\x00\x00\x00\x00\x00\x00\x00\x00\x00\x00\x00\x00\x00\x00\x2d\x00\x00\x00\x00\x00\x00\x00\x25\x00\x00\x00\x2a\x00\x00\x00\x00\x00\x00\x00\x29\x00\x00\x00\x00\x00\x00\x00\x2b\x00\x00\x00\x00\x00\x00\x00\x19\x00\x00\x00\x22\x00\x00\x00\x2e\x00\x00\x00\x00\x00\x00\x00\x00\x00\x00\x00\x1d\x00\x00\x00\x00\x00\x00\x00\x1c\x00\x00\x00\x27\x00\x00\x00\x00\x00\x00\x00\x00\x00\x00\x00\x00\x00\x00\x00\x00\x00\x00\x00\x00\x00\x00\x00\x00\x00\x00\x00\x00\x00\x00\x00\x00\x00\x00\x00\x00\x00\x00\x00\x00\x00\x00\x00\x00\x00\x00\x00\x00\x00\x00\x00\x00\x00\x00\x00\x00\x00\x00\x00\x00\x00\x00\x00\x00\x00\x00\x00\x00\x00\x00\x00\x00\x00\x00\x00\x00\x00\x00\x00\x00\x00\x00\x00\x00\x00\x00\x00\x00\x00\x00\x00\x00\x00\x00\x00\x00\x00\x00\x00\x00\x00\x00\x00\x00\x00\x00\x00\x00\x00\x00\x00\x00\x00\x00\x00\x00\x00\x00\x00\x18\x00\x00\x00\x00\x00\x00\x00\x00\x00\x00\x00\x00\x00\x00\x00\x00\x00\x00\x00\x00\x00\x00\x00\x00\x00\x00\x00\x1e\x00\x00\x00\x23\x00\x00\x00\x00\x00\x00\x00\x00\x00\x00\x00\x00\x00\x00\x00\x00\x00\x00\x00\x00\x00\x00\x00\x00\x00\x00\x00\x26\x00\x00\x00\x00\x00\x00\x00\x00\x00\x00\x00\x00\x00\x00\x00\x00\x00\x00\x00\x00\x00\x00\x00\x00\x00\x00\x00\x00\x00\x00\x00\x00\x00\x00\x00\xd4\x00\x00\x00\x00\x00\x00\x00\x03\x00\x01\x00\x00\x00\x00\x00\x34\x02\x00\x00\x00\x00\x00\x00\x03\x00\x02\x00\x00\x00\x00\x00\x34\x05\x00\x00\x00\x00\x00\x00\x03\x00\x03\x00\x00\x00\x00\x00\x6c\x06\x00\x00\x00\x00\x00\x00\x03\x00\x04\x00\x00\x00\x00\x00\xcc\x06\x00\x00\x00\x00\x00\x00\x03\x00\x05\x00\x00\x00\x00\x00\xec\x06\x00\x00\x00\x00\x00\x00\x03\x00\x06\x00\x00\x00\x00\x00\xf4\x06\x00\x00\x00\x00\x00\x00\x03\x00\x07\x00\x00\x00\x00\x00\x1c\x07\x00\x00\x00\x00\x00\x00\x03\x00\x08\x00\x00\x00\x00\x00\x54\x07\x00\x00\x00\x00\x00\x00\x03\x00\x09\x00\x00\x00\x00\x00\x7c\x07\x00\x00\x00\x00\x00\x00\x03\x00\x0a\x00\x00\x00\x00\x00\x00\x08\x00\x00\x00\x00\x00\x00\x03\x00\x0b\x00\x00\x00\x00\x00\x80\x0a\x00\x00\x00\x00\x00\x00\x03\x00\x0c\x00\x00\x00\x00\x00\xb0\x1a\x00\x00\x00\x00\x00\x00\x03\x00\x0d\x00\x00\x00\x00\x00\xb8\x1a\x00\x00\x00\x00\x00\x00\x03\x00\x0e\x00\x00\x00\x00\x00\xbc\x1a\x00\x00\x00\x00\x00\x00\x03\x00\x0f\x00\x00\x00\x00\x00\xc4\x1a\x00\x00\x00\x00\x00\x00\x03\x00\x10\x00\x00\x00\x00\x00\xcc\x1a\x00\x00\x00\x00\x00\x00\x03\x00\x11\x00\x00\x00\x00\x00\x08\x1b\x00\x00\x00\x00\x00\x00\x03\x00\x12\x00\x00\x00\x00\x00\xa8\x1b\x00\x00\x00\x00\x00\x00\x03\x00\x13\x00\x00\x00\x00\x00\xa8\x1b\x00\x00\x00\x00\x00\x00\x03\x00\x14\x00\x00\x00\x00\x00\x00\x00\x00\x00\x00\x00\x00\x00\x03\x00\x15\x00\x00\x00\x00\x00\x00\x00\x00\x00\x00\x00\x00\x00\x03\x00\x16\x00\x00\x00\x00\x00\x9c\x0a\x00\x00\x00\x00\x00\x00\x03\x00\x17\x00\xfd\x00\x00\x00\x00\x00\x00\x00\x3a\x00\x00\x00\x12\x00\x00\x00\x01\x00\x00\x00\x08\x1b\x00\x00\x00\x00\x00\x00\x11\x00\xf1\xff\x53\x00\x00\x00\x00\x00\x00\x00\x7f\x00\x00\x00\x22\x00\x00\x00\x89\x00\x00\x00\x80\x09\x00\x00\x2e\x00\x00\x00\x12\x00\x0b\x00\x69\x00\x00\x00\x20\x09\x00\x00\x2e\x00\x00\x00", 1024) = 1024
fstat(5, {st_mode=S_IFREG|0755, st_size=6774, ...}) = 0
old_mmap(NULL, 4096, PROT_READ|PROT_WRITE, MAP_PRIVATE|MAP_ANONYMOUS, -1, 0) = 0x40017000
old_mmap(NULL, 7104, PROT_READ|PROT_EXEC, MAP_PRIVATE, 5, 0) = 0x40018000
mprotect(0x40019000, 3008, PROT_NONE)   = 0
old_mmap(0x40019000, 4096, PROT_READ|PROT_WRITE, MAP_PRIVATE|MAP_FIXED, 5, 0) = 0x40019000
close(5)                                = 0
open("/etc/ld.so.cache", O_RDONLY)      = 5
fstat(5, {st_mode=S_IFREG|0644, st_size=24469, ...}) = 0
old_mmap(NULL, 24469, PROT_READ, MAP_PRIVATE, 5, 0) = 0x4001a000
close(5)                                = 0
open("/lib/libc.so.6", O_RDONLY)        = 5
read(5, "\x7f\x45\x4c\x46\x01\x01\x01\x00\x00\x00\x00\x00\x00\x00\x00\x00\x03\x00\x03\x00\x01\x00\x00\x00\x80\xcc\x01\x00\x34\x00\x00\x00\xb4\x7f\x12\x00\x00\x00\x00\x00\x34\x00\x20\x00\x05\x00\x28\x00\x41\x00\x3e\x00\x06\x00\x00\x00\x34\x00\x00\x00\x34\x00\x00\x00\x34\x00\x00\x00\xa0\x00\x00\x00\xa0\x00\x00\x00\x05\x00\x00\x00\x04\x00\x00\x00\x03\x00\x00\x00\x92\x86\x10\x00\x92\x86\x10\x00\x92\x86\x10\x00\x13\x00\x00\x00\x13\x00\x00\x00\x04\x00\x00\x00\x01\x00\x00\x00\x01\x00\x00\x00\x00\x00\x00\x00\x00\x00\x00\x00\x00\x00\x00\x00\xa5\x86\x10\x00\xa5\x86\x10\x00\x05\x00\x00\x00\x00\x10\x00\x00\x01\x00\x00\x00\xc0\x86\x10\x00\xc0\x96\x10\x00\xc0\x96\x10\x00\x6c\x50\x00\x00\x64\x8f\x00\x00\x06\x00\x00\x00\x00\x10\x00\x00\x02\x00\x00\x00\x7c\xd6\x10\x00\x7c\xe6\x10\x00\x7c\xe6\x10\x00\xb0\x00\x00\x00\xb0\x00\x00\x00\x06\x00\x00\x00\x04\x00\x00\x00\xff\x03\x00\x00\x09\x08\x00\x00\x29\x01\x00\x00\x54\x06\x00\x00\x62\x02\x00\x00\xf4\x00\x00\x00\xb4\x06\x00\x00\x00\x00\x00\x00\x00\x00\x00\x00\x00\x00\x00\x00\x00\x00\x00\x00\x44\x06\x00\x00\x73\x05\x00\x00\x00\x00\x00\x00\xc8\x07\x00\x00\x4d\x06\x00\x00\x2b\x02\x00\x00\xb6\x02\x00\x00\xda\x07\x00\x00\xf5\x03\x00\x00\xd1\x07\x00\x00\x67\x05\x00\x00\x7e\x06\x00\x00\x8a\x02\x00\x00\xa2\x07\x00\x00\xf8\x05\x00\x00\xb6\x04\x00\x00\x7a\x07\x00\x00\x45\x07\x00\x00\x00\x00\x00\x00\x97\x04\x00\x00\x00\x00\x00\x00\xcf\x01\x00\x00\xf7\x06\x00\x00\x00\x00\x00\x00\x00\x00\x00\x00\x43\x05\x00\x00\x29\x04\x00\x00\xa7\x03\x00\x00\xea\x04\x00\x00\xd9\x07\x00\x00\x41\x01\x00\x00\xa3\x07\x00\x00\x03\x07\x00\x00\x37\x07\x00\x00\x25\x07\x00\x00\x00\x00\x00\x00\x4a\x02\x00\x00\x18\x05\x00\x00\x04\x08\x00\x00\xf2\x06\x00\x00\x6d\x05\x00\x00\xa8\x06\x00\x00\x35\x06\x00\x00\x00\x00\x00\x00\x03\x05\x00\x00\x00\x00\x00\x00\xe0\x02\x00\x00\x00\x00\x00\x00\xb9\x06\x00\x00\x7e\x02\x00\x00\xeb\x03\x00\x00\x1f\x06\x00\x00\x1a\x05\x00\x00\xc6\x00\x00\x00\x00\x00\x00\x00\xb3\x04\x00\x00\xac\x05\x00\x00\xa5\x04\x00\x00\xff\x04\x00\x00\x7d\x05\x00\x00\x00\x00\x00\x00\x68\x04\x00\x00\x63\x04\x00\x00\x90\x07\x00\x00\x1e\x03\x00\x00\x00\x00\x00\x00\xfd\x01\x00\x00\x8c\x07\x00\x00\x00\x00\x00\x00\xb4\x01\x00\x00\x3b\x02\x00\x00\x00\x00\x00\x00\x76\x03\x00\x00\x1f\x05\x00\x00\x5c\x02\x00\x00\x06\x03\x00\x00\x63\x02\x00\x00\xa7\x04\x00\x00\xc3\x06\x00\x00\x34\x06\x00\x00\xdc\x05\x00\x00\xd6\x07\x00\x00\xd2\x06\x00\x00\xcc\x06\x00\x00\x64\x06\x00\x00\x00\x00\x00\x00\x03\x08\x00\x00\x5b\x07\x00\x00\x3d\x05\x00\x00\xf8\x06\x00\x00\xad\x02\x00\x00\xf1\x06\x00\x00\xf0\x05\x00\x00\x6d\x07\x00\x00\x51\x06\x00\x00\x00\x00\x00\x00\x17\x05\x00\x00\x83\x06\x00\x00\xc9\x07\x00\x00\xc0\x03\x00\x00\x00\x00\x00\x00\xf2\x03\x00\x00\x00\x00\x00\x00\x00\x00\x00\x00\x77\x06\x00\x00\xca\x06\x00\x00\x37\x06\x00\x00\x85\x03\x00\x00\x66\x03\x00\x00\xf5\x06\x00\x00\x00\x00\x00\x00\x39\x04\x00\x00\x6f\x06\x00\x00\x2d\x03\x00\x00\x06\x08\x00\x00\x88\x05\x00\x00\x76\x07\x00\x00\x31\x07\x00\x00\x43\x04\x00\x00\x4e\x05\x00\x00\xdd\x04\x00\x00\xc8\x05\x00\x00\xed\x06\x00\x00\x49\x05\x00\x00\x00\x00\x00\x00\x99\x07\x00\x00\x93\x06\x00\x00\xf0\x04\x00\x00\x8e\x00\x00\x00\x96\x06\x00\x00\x12\x07\x00\x00\xaf\x05\x00\x00\x00\x00\x00\x00\xb7\x04\x00\x00\x0f\x06\x00\x00\x5f\x04\x00\x00\x2d\x01\x00\x00\x9a\x07\x00\x00\x8b\x02\x00\x00\x28\x03\x00\x00\x00\x00\x00\x00\x08\x03\x00\x00\x88\x07\x00\x00\x4b\x07\x00\x00\xd9\x02\x00\x00\x0e\x05\x00\x00\xc0\x06\x00\x00\xe9\x02\x00\x00\x5f\x05\x00\x00\xfe\x00\x00\x00\x56\x04\x00\x00\xc9\x06\x00\x00\x55\x06\x00\x00\x78\x07\x00\x00\x6b\x01\x00\x00\xcd\x06\x00\x00\x00\x00\x00\x00\x76\x05\x00\x00\x7f\x07\x00\x00\x33\x07\x00\x00\xaf\x04\x00\x00\x00\x00\x00\x00\xa7\x06\x00\x00\x8f\x05\x00\x00\x31\x05\x00\x00\xbc\x06\x00\x00\xf5\x05\x00\x00\xd0\x07\x00\x00\xfd\x04\x00\x00\x21\x05\x00\x00\xae\x01\x00\x00\xff\x03\x00\x00\x92\x06\x00\x00\x2a\x07\x00\x00\x97\x06\x00\x00\xe8\x06\x00\x00\x70\x06\x00\x00\x05\x04\x00\x00\x5b\x05\x00\x00\xab\x02\x00\x00\x0d\x02\x00\x00\xc6\x04\x00\x00\x5a\x06\x00\x00\x71\x06\x00\x00\xd5\x07\x00\x00\xc6\x07\x00\x00\x67\x07\x00\x00\x3d\x04\x00\x00\x88\x01\x00\x00\x50\x06\x00\x00\x6a\x07\x00\x00\x01\x06\x00\x00", 1024) = 1024
fstat(5, {st_mode=S_IFREG|0755, st_size=1382179, ...}) = 0
old_mmap(NULL, 1123876, PROT_READ|PROT_EXEC, MAP_PRIVATE, 5, 0) = 0x40020000
mprotect(0x40129000, 38436, PROT_NONE)  = 0
old_mmap(0x40129000, 24576, PROT_READ|PROT_WRITE, MAP_PRIVATE|MAP_FIXED, 5, 0x108000) = 0x40129000
old_mmap(0x4012f000, 13860, PROT_READ|PROT_WRITE, MAP_PRIVATE|MAP_FIXED|MAP_ANONYMOUS, -1, 0) = 0x4012f000
close(5)                                = 0
open("/lib/libc.so.6", O_RDONLY)        = 5
read(5, "\x7f\x45\x4c\x46\x01\x01\x01\x00\x00\x00\x00\x00\x00\x00\x00\x00\x03\x00\x03\x00\x01\x00\x00\x00\x80\xcc\x01\x00\x34\x00\x00\x00\xb4\x7f\x12\x00\x00\x00\x00\x00\x34\x00\x20\x00\x05\x00\x28\x00\x41\x00\x3e\x00\x06\x00\x00\x00\x34\x00\x00\x00\x34\x00\x00\x00\x34\x00\x00\x00\xa0\x00\x00\x00\xa0\x00\x00\x00\x05\x00\x00\x00\x04\x00\x00\x00\x03\x00\x00\x00\x92\x86\x10\x00\x92\x86\x10\x00\x92\x86\x10\x00\x13\x00\x00\x00\x13\x00\x00\x00\x04\x00\x00\x00\x01\x00\x00\x00\x01\x00\x00\x00\x00\x00\x00\x00\x00\x00\x00\x00\x00\x00\x00\x00\xa5\x86\x10\x00\xa5\x86\x10\x00\x05\x00\x00\x00\x00\x10\x00\x00\x01\x00\x00\x00\xc0\x86\x10\x00\xc0\x96\x10\x00\xc0\x96\x10\x00\x6c\x50\x00\x00\x64\x8f\x00\x00\x06\x00\x00\x00\x00\x10\x00\x00\x02\x00\x00\x00\x7c\xd6\x10\x00\x7c\xe6\x10\x00\x7c\xe6\x10\x00\xb0\x00\x00\x00\xb0\x00\x00\x00\x06\x00\x00\x00\x04\x00\x00\x00\xff\x03\x00\x00\x09\x08\x00\x00\x29\x01\x00\x00\x54\x06\x00\x00\x62\x02\x00\x00\xf4\x00\x00\x00\xb4\x06\x00\x00\x00\x00\x00\x00\x00\x00\x00\x00\x00\x00\x00\x00\x00\x00\x00\x00\x44\x06\x00\x00\x73\x05\x00\x00\x00\x00\x00\x00\xc8\x07\x00\x00\x4d\x06\x00\x00\x2b\x02\x00\x00\xb6\x02\x00\x00\xda\x07\x00\x00\xf5\x03\x00\x00\xd1\x07\x00\x00\x67\x05\x00\x00\x7e\x06\x00\x00\x8a\x02\x00\x00\xa2\x07\x00\x00\xf8\x05\x00\x00\xb6\x04\x00\x00\x7a\x07\x00\x00\x45\x07\x00\x00\x00\x00\x00\x00\x97\x04\x00\x00\x00\x00\x00\x00\xcf\x01\x00\x00\xf7\x06\x00\x00\x00\x00\x00\x00\x00\x00\x00\x00\x43\x05\x00\x00\x29\x04\x00\x00\xa7\x03\x00\x00\xea\x04\x00\x00\xd9\x07\x00\x00\x41\x01\x00\x00\xa3\x07\x00\x00\x03\x07\x00\x00\x37\x07\x00\x00\x25\x07\x00\x00\x00\x00\x00\x00\x4a\x02\x00\x00\x18\x05\x00\x00\x04\x08\x00\x00\xf2\x06\x00\x00\x6d\x05\x00\x00\xa8\x06\x00\x00\x35\x06\x00\x00\x00\x00\x00\x00\x03\x05\x00\x00\x00\x00\x00\x00\xe0\x02\x00\x00\x00\x00\x00\x00\xb9\x06\x00\x00\x7e\x02\x00\x00\xeb\x03\x00\x00\x1f\x06\x00\x00\x1a\x05\x00\x00\xc6\x00\x00\x00\x00\x00\x00\x00\xb3\x04\x00\x00\xac\x05\x00\x00\xa5\x04\x00\x00\xff\x04\x00\x00\x7d\x05\x00\x00\x00\x00\x00\x00\x68\x04\x00\x00\x63\x04\x00\x00\x90\x07\x00\x00\x1e\x03\x00\x00\x00\x00\x00\x00\xfd\x01\x00\x00\x8c\x07\x00\x00\x00\x00\x00\x00\xb4\x01\x00\x00\x3b\x02\x00\x00\x00\x00\x00\x00\x76\x03\x00\x00\x1f\x05\x00\x00\x5c\x02\x00\x00\x06\x03\x00\x00\x63\x02\x00\x00\xa7\x04\x00\x00\xc3\x06\x00\x00\x34\x06\x00\x00\xdc\x05\x00\x00\xd6\x07\x00\x00\xd2\x06\x00\x00\xcc\x06\x00\x00\x64\x06\x00\x00\x00\x00\x00\x00\x03\x08\x00\x00\x5b\x07\x00\x00\x3d\x05\x00\x00\xf8\x06\x00\x00\xad\x02\x00\x00\xf1\x06\x00\x00\xf0\x05\x00\x00\x6d\x07\x00\x00\x51\x06\x00\x00\x00\x00\x00\x00\x17\x05\x00\x00\x83\x06\x00\x00\xc9\x07\x00\x00\xc0\x03\x00\x00\x00\x00\x00\x00\xf2\x03\x00\x00\x00\x00\x00\x00\x00\x00\x00\x00\x77\x06\x00\x00\xca\x06\x00\x00\x37\x06\x00\x00\x85\x03\x00\x00\x66\x03\x00\x00\xf5\x06\x00\x00\x00\x00\x00\x00\x39\x04\x00\x00\x6f\x06\x00\x00\x2d\x03\x00\x00\x06\x08\x00\x00\x88\x05\x00\x00\x76\x07\x00\x00\x31\x07\x00\x00\x43\x04\x00\x00\x4e\x05\x00\x00\xdd\x04\x00\x00\xc8\x05\x00\x00\xed\x06\x00\x00\x49\x05\x00\x00\x00\x00\x00\x00\x99\x07\x00\x00\x93\x06\x00\x00\xf0\x04\x00\x00\x8e\x00\x00\x00\x96\x06\x00\x00\x12\x07\x00\x00\xaf\x05\x00\x00\x00\x00\x00\x00\xb7\x04\x00\x00\x0f\x06\x00\x00\x5f\x04\x00\x00\x2d\x01\x00\x00\x9a\x07\x00\x00\x8b\x02\x00\x00\x28\x03\x00\x00\x00\x00\x00\x00\x08\x03\x00\x00\x88\x07\x00\x00\x4b\x07\x00\x00\xd9\x02\x00\x00\x0e\x05\x00\x00\xc0\x06\x00\x00\xe9\x02\x00\x00\x5f\x05\x00\x00\xfe\x00\x00\x00\x56\x04\x00\x00\xc9\x06\x00\x00\x55\x06\x00\x00\x78\x07\x00\x00\x6b\x01\x00\x00\xcd\x06\x00\x00\x00\x00\x00\x00\x76\x05\x00\x00\x7f\x07\x00\x00\x33\x07\x00\x00\xaf\x04\x00\x00\x00\x00\x00\x00\xa7\x06\x00\x00\x8f\x05\x00\x00\x31\x05\x00\x00\xbc\x06\x00\x00\xf5\x05\x00\x00\xd0\x07\x00\x00\xfd\x04\x00\x00\x21\x05\x00\x00\xae\x01\x00\x00\xff\x03\x00\x00\x92\x06\x00\x00\x2a\x07\x00\x00\x97\x06\x00\x00\xe8\x06\x00\x00\x70\x06\x00\x00\x05\x04\x00\x00\x5b\x05\x00\x00\xab\x02\x00\x00\x0d\x02\x00\x00\xc6\x04\x00\x00\x5a\x06\x00\x00\x71\x06\x00\x00\xd5\x07\x00\x00\xc6\x07\x00\x00\x67\x07\x00\x00\x3d\x04\x00\x00\x88\x01\x00\x00\x50\x06\x00\x00\x6a\x07\x00\x00\x01\x06\x00\x00", 1024) = 1024
fstat(5, {st_mode=S_IFREG|0755, st_size=1382179, ...}) = 0
close(5)                                = 0
munmap(0x4001a000, 24469)               = 0
getpid()                                = 2699
open("/dev/ttyS0", O_RDWR|O_NONBLOCK|O_NOCTTY) = 5
ioctl(5, TCGETS, {0x1002 /* B??? */ -opost -isig -icanon -echo ...}) = 0
ioctl(5, TCGETS, {0x1002 /* B??? */ -opost -isig -icanon -echo ...}) = 0
ioctl(5, TCFLSH, TCIOFLUSH)             = 0
ioctl(5, TCSETS, {0x1002 /* B??? */ -opost -isig -icanon -echo ...}) = 0
ioctl(5, TCGETS, {0x1002 /* B??? */ -opost -isig -icanon -echo ...}) = 0
ioctl(5, TCFLSH, TCIFLUSH)              = 0
nanosleep({0, 10000000}, NULL)          = 0
write(5, "\x32", 1)                     = 1
shmat(5, 0, 0x4)                        = -1 ENOSYS (Function not implemented)
fcntl(5, F_SETFL, O_RDONLY|O_NONBLOCK)  = 0
read(5, "", 5)                          = 0
nanosleep({0, 5000000}, NULL)           = 0
read(5, "", 5)                          = 0
nanosleep({0, 5000000}, NULL)           = 0
read(5, "", 5)                          = 0
nanosleep({0, 5000000}, NULL)           = 0
read(5, "\x48\x00\xf0\xf4\x00", 5)      = 5
ioctl(5, TCFLSH, TCIFLUSH)              = 0
ioctl(5, TCFLSH, TCIFLUSH)              = 0
nanosleep({0, 10000000}, NULL)          = 0
write(5, "\x31", 1)                     = 1
fcntl(5, F_SETFL, O_RDONLY|O_NONBLOCK)  = 0
read(5, "", 5)                          = 0
nanosleep({0, 5000000}, NULL)           = 0
read(5, "", 5)                          = 0
nanosleep({0, 5000000}, NULL)           = 0
read(5, "", 5)                          = 0
nanosleep({0, 5000000}, NULL)           = 0
read(5, "\x48\x00\xf0\xf4\x00", 5)      = 5
ioctl(5, TCFLSH, TCIFLUSH)              = 0
write(5, "\x6f", 1)                     = 1
nanosleep({0, 300000000}, NULL)         = 0
read(5, "\x71", 1)                      = 1
write(5, "\x72", 1)                     = 1
nanosleep({0, 200000000}, NULL)         = 0
write(5, "\x00", 1)                     = 1
write(5, "\x00", 1)                     = 1
write(5, "\x00", 1)                     = 1
write(5, "\x00", 1)                     = 1
write(5, "\x6d", 1)                     = 1
write(5, "\x6d", 1)                     = 1
nanosleep({0, 100000000}, NULL)         = 0
fcntl(5, F_SETFL, O_RDONLY|O_NONBLOCK)  = 0
read(5, "", 1)                          = 0
nanosleep({0, 5000000}, NULL)           = 0
read(5, "", 1)                          = 0
nanosleep({0, 5000000}, NULL)           = 0
fcntl(5, F_SETFL, O_RDONLY|O_NONBLOCK)  = 0
read(5, "", 513)                        = 0
nanosleep({0, 5000000}, NULL)           = 0
read(5, "", 513)                        = 0
nanosleep({0, 5000000}, NULL)           = 0
read(5, "", 513)                        = 0
nanosleep({0, 5000000}, NULL)           = 0
read(5, "", 513)                        = 0
nanosleep({0, 5000000}, NULL)           = 0
read(5, "", 513)                        = 0
nanosleep({0, 5000000}, NULL)           = 0
read(5, "", 513)                        = 0
nanosleep({0, 5000000}, NULL)           = 0
read(5, "", 513)                        = 0
nanosleep({0, 5000000}, NULL)           = 0
read(5, "", 513)                        = 0
nanosleep({0, 5000000}, NULL)           = 0
read(5, "", 513)                        = 0
nanosleep({0, 5000000}, NULL)           = 0
read(5, "", 513)                        = 0
nanosleep({0, 5000000}, NULL)           = 0
read(5, "", 513)                        = 0
nanosleep({0, 5000000}, NULL)           = 0
read(5, "", 513)                        = 0
nanosleep({0, 5000000}, NULL)           = 0
read(5, "", 513)                        = 0
nanosleep({0, 5000000}, NULL)           = 0
read(5, "", 513)                        = 0
nanosleep({0, 5000000}, NULL)           = 0
read(5, "", 513)                        = 0
nanosleep({0, 5000000}, NULL)           = 0
read(5, "", 513)                        = 0
nanosleep({0, 5000000}, NULL)           = 0
read(5, "", 513)                        = 0
nanosleep({0, 5000000}, NULL)           = 0
read(5, "", 513)                        = 0
nanosleep({0, 5000000}, NULL)           = 0
read(5, "", 513)                        = 0
nanosleep({0, 5000000}, NULL)           = 0
read(5, "", 513)                        = 0
nanosleep({0, 5000000}, NULL)           = 0
read(5, "", 513)                        = 0
nanosleep({0, 5000000}, NULL)           = 0
read(5, "\x01\x00\x01\x01\x01\x00\x00\x02\x00\x00\x20\x02\x00\x00\x00\x6f\x20\x63\x61\x72\x64\x6e\x61\x6d\x65\x00\x00\x00\x00\x00\x00\x00\x00\x00\x00\x00\x00\x00\x00\x00\x00\x00\x00\x00\x00\x00\x00\x00\x00\x00\x00\x20\x00\x00\x00\x00\x00\x00\x00\x00\x00\x00\x00\x00", 513) = 64
read(5, "", 449)                        = 0
nanosleep({0, 5000000}, NULL)           = 0
read(5, "\x00\x00\x00\x00\x00\x00\x00\x00\x00\x00\x00\x00\x00\x00\x00\x00\x00\x00\x00\x00\x00\x00\x00\x00\x00\x00\x00\x00\x00\x00\x00\x00\x00\x00\x00\x00\x00\x00\x00\x00\x00\x00\x00\x00\x00\x00\x00\x00\x00\x00\x00\x00\x00\x00\x00\x00\x00\x00\x00\x00\x00\x00\x00\x00\x00\x00\x00\x00\x00\x00\x00\x00\x00\x00\x00\x00\x00\x00\x00\x00\x00\x00\x00\x00\x00\x00\x00\x00\x00\x00\x00\x00\x00\x00\x00\x00\x00\x00\x00\x00\x00\x00\x00\x00\x00\x00\x00\x00\x00\x00\x00\x00\x00\x00\x00\x00\x00\x00\x00\x00\x00\x00\x00\x00\x00\x00\x00\x00\x00\x00\x00\x00\x00\x00\x00\x00\x00\x00\x00\x00\x00\x00\x00\x00\x00\x00\x00\x00\x00\x00\x00\x00", 449) = 152
read(5, "", 297)                        = 0
nanosleep({0, 5000000}, NULL)           = 0
read(5, "\x00\x00\x00\x00\x00\x00\x00\x00\x00\x00\x00\x00\x00\x00\x00\x00\x00\x00\x00\x00\x00\x00\x00\x00\x00\x00\x00\x00\x00\x00\x00\x00\x00\x00\x00\x00\x00\x00\x00\x00\x00\x00\x00\x00\x00\x00\x00\x00\x00\x00\x00\x00\x00\x00\x00\x00\x00\x00\x00\x00\x00\x00\x00\x00\x00\x00\x00\x00\x00\x00\x00\x00\x00\x00\x00\x00\x00\x00\x00\x00\x00\x00\x00\x00\x00\x00\x00\x00\x00\x00\x00\x00\x00\x00\x00\x00\x00\x00\x00\x00\x00\x00\x00\x00\x00\x00\x00\x00\x00\x00\x00\x00\x00\x00\x00\x00\x00\x00\x00\x00\x00\x00\x00\x00\x00\x00\x00\x00\x00\x00\x00\x00\x00\x00\x00\x00\x00\x00\x00\x00\x00\x00\x00\x00\x00\x00\x00\x00\x00\x00\x00\x00\x00\x00\x00\x00\x00\x00\x00\x00", 297) = 160
read(5, "", 137)                        = 0
nanosleep({0, 5000000}, NULL)           = 0
read(5, "\x00\x00\x00\x00\x00\x00\x00\x00\x00\x00\x00\x00\x00\x00\x00\x00\x00\x00\x00\x00\x00\x00\x00\x00\x00\x00\x00\x00\x00\x00\x00\x00\x00\x00\x00\x00\x00\x00\x00\x00\x00\x00\x00\x00\x00\x00\x00\x00\x00\x00\x00\x00\x00\x00\x00\x00\x00\x00\x00\x00\x00\x00\x00\x00\x00\x00\x00\x00\x00\x00\x00\x00\x00\x00\x00\x00\x00\x00\x00\x00\x00\x00\x00\x00\x00\x00\x00\x00\x00\x00\x00\x00\x00\x00\x00\x00\x00\x00\x00\x00\x00\x00\x00\x00\x00\x00\x00\x00\x00\x00\x00\x00\x00\x00\x00\x00\x00\x00\x00\x00\x00\x00\x00\x00\x00\x00\x00\x00\x00\x00\x00\x00\x00\x00\x00\x00\x5c", 137) = 137
write(5, "\x6e", 1)                     = 1
fcntl(5, F_SETFL, O_RDONLY|O_NONBLOCK)  = 0
read(5, "", 513)                        = 0
nanosleep({0, 5000000}, NULL)           = 0
read(5, "\x00\x00\x01\x00\xeb\xc3\x28\x00\x47\x65\x72\x65\x63\x68\x74\x69\x67\x6b\x65\x69\x74\x00\x00\x00\x00\x00\x00\x00\x00\x00\x00\x01\x00\x00\x00\x00\x00\x00\x00\x00\x00\x00\x00\x00\x00\x00\x00\x00\x00\x00\x00\x00\x00\x00\x00\x00\x00\x00\x00\x00\x00\x00\x00\x00\x00\x00\x00\x00\x00\x00\x00\x00\x00\x00\x00\x00\x00\x00\x00\x00\x00\x00\x00\x00\x00\x00\x00\x00\x00\x00\x00\x00\x00\x00\x00\x00\x00\x00\x00\x00\x00\x00\x00\x00\x00\x00\x00\x00\x00\x00\x00\x00\x00\x00\x00\x00\x00\x00\x00\x00\x00\x00\x00\x00\x00\x00\x00\x00\x00\x00\x00\x00\x00\x00\x00\x00\x00\x00\x00\x00\x00\x00\x00\x00", 513) = 144
read(5, "", 369)                        = 0
nanosleep({0, 5000000}, NULL)           = 0
read(5, "\x00\x00\x00\x00\x00\x00\x00\x00\x00\x00\x00\x00\x00\x00\x00\x00\x00\x00\x00\x00\x00\x00\x00\x00\x00\x00\x00\x00\x00\x00\x00\x00\x00\x00\x00\x00\x00\x00\x00\x00\x00\x00\x00\x00\x00\x00\x00\x00\x00\x00\x00\x00\x00\x00\x00\x00\x00\x00\x00\x00\x00\x00\x00\x00\x00\x00\x00\x00\x00\x00\x00\x00\x00\x00\x00\x00\x00\x00\x00\x00\x00\x00\x00\x00\x00\x00\x00\x00\x00\x00\x00\x00\x00\x00\x00\x00\x00\x00\x00\x00\x00\x00\x00\x00\x00\x00\x00\x00\x00\x00\x00\x00\x00\x00\x00\x00\x00\x00\x00\x00\x00\x00\x00\x00\x00\x00\x00\x00\x00\x00\x00\x00\x00\x00\x00\x00\x00\x00\x00\x00\x00\x00\x00\x00\x00\x00\x00\x00\x00\x00\x00\x00", 369) = 152
read(5, "", 217)                        = 0
nanosleep({0, 5000000}, NULL)           = 0
read(5, "\x00\x00\x00\x00\x00\x00\x00\x00\x00\x00\x00\x00\x00\x00\x00\x00\x00\x00\x00\x00\x00\x00\x00\x00\x00\x00\x00\x00\x00\x00\x00\x00\x00\x00\x00\x00\x00\x00\x00\x00\x00\x00\x00\x00\x00\x00\x00\x00\x00\x00\x00\x00\x00\x00\x00\x00\x00\x00\x00\x00\x00\x00\x00\x00\x00\x00\x00\x00\x00\x00\x00\x00\x00\x00\x00\x00\x00\x00\x00\x00\x00\x00\x00\x00\x00\x00\x00\x00\x00\x00\x00\x00\x00\x00\x00\x00\x00\x00\x00\x00\x00\x00\x00\x00\x00\x00\x00\x00\x00\x00\x00\x00\x00\x00\x00\x00\x00\x00\x00\x00\x00\x00\x00\x00\x00\x00\x00\x00\x00\x00\x00\x00\x00\x00\x00\x00\x00\x00\x00\x00\x00\x00\x00\x00\x00\x00\x00\x00\x00\x00\x00\x00", 217) = 152
read(5, "", 65)                         = 0
nanosleep({0, 5000000}, NULL)           = 0
read(5, "\x00\x00\x00\x00\x00\x00\x00\x00\x00\x00\x00\x00\x00\x00\x00\x00\x00\x00\x00\x00\x00\x00\x00\x00\x00\x00\x00\x00\x00\x00\x00\x00\x00\x00\x00\x00\x00\x00\x00\x00\x00\x00\x00\x00\x00\x00\x00\x00\x00\x00\x00\x00\x00\x00\x00\x00\x00\x00\x00\x00\x00\x00\x00\x00\x57", 65) = 65
write(5, "\x6e", 1)                     = 1
brk(0)                                  = 0x8056424
brk(0x805645c)                          = 0x805645c
brk(0x8057000)                          = 0x8057000
ioctl(5, TCSETS, {0x1002 /* B??? */ -opost -isig -icanon -echo ...}) = 0
ioctl(5, TCGETS, {0x1002 /* B??? */ -opost -isig -icanon -echo ...}) = 0
close(5)                                = 0
nanosleep({0, 10000000}, NULL)          = 0
fstat64(1, 0xbfffedc0)                  = -1 ENOSYS (Function not implemented)
fstat(1, {st_mode=S_IFCHR|0620, st_rdev=makedev(4, 1), ...}) = 0
old_mmap(NULL, 4096, PROT_READ|PROT_WRITE, MAP_PRIVATE|MAP_ANONYMOUS, -1, 0) = 0x4001a000
ioctl(1, TCGETS, {B38400 opost isig icanon echo ...}) = 0
write(1, "\x0a", 1)                     = 1
write(1, "\x20\x20\x43\x61\x72\x64\x73\x69\x7a\x65\x3a\x20\x20\x20\x20\x31\x36\x30\x35\x32\x32\x32\x34\x20\x42\x79\x74\x65\x0a", 29) = 29
write(1, "\x20\x20\x46\x72\x65\x65\x3a\x20\x20\x20\x20\x20\x20\x20\x20\x31\x33\x33\x31\x35\x30\x39\x33\x20\x42\x79\x74\x65\x0a", 29) = 29
write(1, "\x20\x20\x43\x61\x72\x64\x73\x3a\x20\x20\x20\x20\x20\x20\x20\x32\x20\x69\x6e\x73\x65\x72\x74\x65\x64\x0a", 26) = 26
write(1, "\x20\x20\x56\x65\x72\x73\x69\x6f\x6e\x3a\x20\x20\x20\x20\x20\x31\x2e\x31\x33\x0a", 20) = 20
write(1, "\x20\x20\x43\x61\x72\x64\x6e\x61\x6d\x65\x3a\x20\x20\x20\x20\x0a", 16) = 16
write(1, "\x20\x20\x4e\x6f\x2e\x20\x53\x61\x6d\x70\x6c\x65\x73\x3a\x20\x31\x0a", 17) = 17
write(1, "\x20\x20\x54\x69\x74\x6c\x65\x73\x3a\x0a", 10) = 10
write(1, "\x20\x20\x20\x20\x31\x2e\x20\x20\x20\x32\x36\x37\x31\x35\x39\x35\x20\x20\x47\x65\x72\x65\x63\x68\x74\x69\x67\x6b\x65\x69\x74\x0a", 32) = 32
nanosleep({0, 100000000}, NULL)         = 0
nanosleep({1, 500000000}, NULL)         = 0
_exit(1)                                = ?
